Vivado Simulator 2018.2
Copyright 1986-1999, 2001-2018 Xilinx, Inc. All Rights Reserved.
Running: /usr/local/insa/Xilinx.VIVADO/Vivado/2018.2/bin/unwrapped/lnx64.o/xelab -wto 8dc54fb708904ee99b5423ecaa1a5ca5 --incr --debug typical --relax --mt 8 -L xil_defaultlib -L secureip --snapshot MICROPROCESSOR_TEST_behav xil_defaultlib.MICROPROCESSOR_TEST -log elaborate.log 
Using 8 slave threads.
Starting static elaboration
Completed static elaboration
Starting simulation data flow analysis
Completed simulation data flow analysis
Time Resolution for simulation is 1ps
Compiling package std.standard
Compiling package std.textio
Compiling package ieee.std_logic_1164
Compiling package ieee.std_logic_arith
Compiling package ieee.std_logic_unsigned
Compiling package ieee.numeric_std
Compiling package ieee.std_logic_signed
Compiling architecture behavioral of entity xil_defaultlib.INSTRUCTION_BANK [instruction_bank_default]
Compiling architecture behavioral of entity xil_defaultlib.PIPELINE [pipeline_default]
Compiling architecture behavioral of entity xil_defaultlib.UAL [ual_default]
Compiling architecture behavioral of entity xil_defaultlib.REGISTER_FILE [register_file_default]
Compiling architecture behavioral of entity xil_defaultlib.MEMORY_BANK [memory_bank_default]
Compiling architecture behavioral of entity xil_defaultlib.MICROPROCESSOR [microprocessor_default]
Compiling architecture behavioral of entity xil_defaultlib.microprocessor_test
Built simulation snapshot MICROPROCESSOR_TEST_behav
